Determining if the pthread_create exist failed with the following output:
Change Dir: /root/my-project/stxxl/build/CMakeFiles/CMakeTmp

Run Build Command:/bin/gmake "cmTryCompileExec2529623381/fast"
/bin/gmake -f CMakeFiles/cmTryCompileExec2529623381.dir/build.make CMakeFiles/cmTryCompileExec2529623381.dir/build
gmake[1]: Entering directory `/root/my-project/stxxl/build/CMakeFiles/CMakeTmp'
/usr/bin/cmake -E cmake_progress_report /root/my-project/stxxl/build/CMakeFiles/CMakeTmp/CMakeFiles 1
Building C object CMakeFiles/cmTryCompileExec2529623381.dir/CheckSymbolExists.c.o
/bin/cc    -o CMakeFiles/cmTryCompileExec2529623381.dir/CheckSymbolExists.c.o   -c /root/my-project/stxxl/build/CMakeFiles/CMakeTmp/CheckSymbolExists.c
Linking C executable cmTryCompileExec2529623381
/usr/bin/cmake -E cmake_link_script CMakeFiles/cmTryCompileExec2529623381.dir/link.txt --verbose=1
/bin/cc         CMakeFiles/cmTryCompileExec2529623381.dir/CheckSymbolExists.c.o  -o cmTryCompileExec2529623381 -rdynamic 
CMakeFiles/cmTryCompileExec2529623381.dir/CheckSymbolExists.c.o: In function `main':
CheckSymbolExists.c:(.text+0x16): undefined reference to `pthread_create'
collect2: error: ld returned 1 exit status
gmake[1]: *** [cmTryCompileExec2529623381] Error 1
gmake[1]: Leaving directory `/root/my-project/stxxl/build/CMakeFiles/CMakeTmp'
gmake: *** [cmTryCompileExec2529623381/fast] Error 2

File /root/my-project/stxxl/build/CMakeFiles/CMakeTmp/CheckSymbolExists.c:
/* */
#include <pthread.h>

int main(int argc, char** argv)
{
  (void)argv;
#ifndef pthread_create
  return ((int*)(&pthread_create))[argc];
#else
  (void)argc;
  return 0;
#endif
}

Determining if the function pthread_create exists in the pthreads failed with the following output:
Change Dir: /root/my-project/stxxl/build/CMakeFiles/CMakeTmp

Run Build Command:/bin/gmake "cmTryCompileExec2539390207/fast"
/bin/gmake -f CMakeFiles/cmTryCompileExec2539390207.dir/build.make CMakeFiles/cmTryCompileExec2539390207.dir/build
gmake[1]: Entering directory `/root/my-project/stxxl/build/CMakeFiles/CMakeTmp'
/usr/bin/cmake -E cmake_progress_report /root/my-project/stxxl/build/CMakeFiles/CMakeTmp/CMakeFiles 1
Building C object CMakeFiles/cmTryCompileExec2539390207.dir/CheckFunctionExists.c.o
/bin/cc   -DCHECK_FUNCTION_EXISTS=pthread_create   -o CMakeFiles/cmTryCompileExec2539390207.dir/CheckFunctionExists.c.o   -c /usr/share/cmake/Modules/CheckFunctionExists.c
Linking C executable cmTryCompileExec2539390207
/usr/bin/cmake -E cmake_link_script CMakeFiles/cmTryCompileExec2539390207.dir/link.txt --verbose=1
/bin/cc     -DCHECK_FUNCTION_EXISTS=pthread_create    CMakeFiles/cmTryCompileExec2539390207.dir/CheckFunctionExists.c.o  -o cmTryCompileExec2539390207 -rdynamic -lpthreads 
/bin/ld: cannot find -lpthreads
collect2: error: ld returned 1 exit status
gmake[1]: *** [cmTryCompileExec2539390207] Error 1
gmake[1]: Leaving directory `/root/my-project/stxxl/build/CMakeFiles/CMakeTmp'
gmake: *** [cmTryCompileExec2539390207/fast] Error 2


