The system is: Linux - 3.10.0-123.8.1.el7.x86_64 - x86_64
Compiling the C compiler identification source file "CMakeCCompilerId.c" succeeded.
Compiler: /bin/cc 
Build flags: 
Id flags: 

The output was:
0


Compilation of the C compiler identification source "CMakeCCompilerId.c" produced "a.out"

The C compiler identification is GNU, found in "/root/my-project/stxxl/build/CMakeFiles/2.8.11/CompilerIdC/a.out"

Compiling the CXX compiler identification source file "CMakeCXXCompilerId.cpp" succeeded.
Compiler: /bin/c++ 
Build flags: 
Id flags: 

The output was:
0


Compilation of the CXX compiler identification source "CMakeCXXCompilerId.cpp" produced "a.out"

The CXX compiler identification is GNU, found in "/root/my-project/stxxl/build/CMakeFiles/2.8.11/CompilerIdCXX/a.out"

Determining if the C compiler works passed with the following output:
Change Dir: /root/my-project/stxxl/build/CMakeFiles/CMakeTmp

Run Build Command:/bin/gmake "cmTryCompileExec3968950837/fast"
/bin/gmake -f CMakeFiles/cmTryCompileExec3968950837.dir/build.make CMakeFiles/cmTryCompileExec3968950837.dir/build
gmake[1]: Entering directory `/root/my-project/stxxl/build/CMakeFiles/CMakeTmp'
/usr/bin/cmake -E cmake_progress_report /root/my-project/stxxl/build/CMakeFiles/CMakeTmp/CMakeFiles 1
Building C object CMakeFiles/cmTryCompileExec3968950837.dir/testCCompiler.c.o
/bin/cc    -o CMakeFiles/cmTryCompileExec3968950837.dir/testCCompiler.c.o   -c /root/my-project/stxxl/build/CMakeFiles/CMakeTmp/testCCompiler.c
Linking C executable cmTryCompileExec3968950837
/usr/bin/cmake -E cmake_link_script CMakeFiles/cmTryCompileExec3968950837.dir/link.txt --verbose=1
/bin/cc         CMakeFiles/cmTryCompileExec3968950837.dir/testCCompiler.c.o  -o cmTryCompileExec3968950837 -rdynamic 
gmake[1]: Leaving directory `/root/my-project/stxxl/build/CMakeFiles/CMakeTmp'


Detecting C compiler ABI info compiled with the following output:
Change Dir: /root/my-project/stxxl/build/CMakeFiles/CMakeTmp

Run Build Command:/bin/gmake "cmTryCompileExec319180721/fast"
/bin/gmake -f CMakeFiles/cmTryCompileExec319180721.dir/build.make CMakeFiles/cmTryCompileExec319180721.dir/build
gmake[1]: Entering directory `/root/my-project/stxxl/build/CMakeFiles/CMakeTmp'
/usr/bin/cmake -E cmake_progress_report /root/my-project/stxxl/build/CMakeFiles/CMakeTmp/CMakeFiles 1
Building C object CMakeFiles/cmTryCompileExec319180721.dir/CMakeCCompilerABI.c.o
/bin/cc    -o CMakeFiles/cmTryCompileExec319180721.dir/CMakeCCompilerABI.c.o   -c /usr/share/cmake/Modules/CMakeCCompilerABI.c
Linking C executable cmTryCompileExec319180721
/usr/bin/cmake -E cmake_link_script CMakeFiles/cmTryCompileExec319180721.dir/link.txt --verbose=1
/bin/cc       -v CMakeFiles/cmTryCompileExec319180721.dir/CMakeCCompilerABI.c.o  -o cmTryCompileExec319180721 -rdynamic  
Using built-in specs.
COLLECT_GCC=/bin/cc
COLLECT_LTO_WRAPPER=/usr/libexec/gcc/x86_64-redhat-linux/4.8.3/lto-wrapper
Target: x86_64-redhat-linux
Configured with: ../configure --prefix=/usr --mandir=/usr/share/man --infodir=/usr/share/info --with-bugurl=http://bugzilla.redhat.com/bugzilla --enable-bootstrap --enable-shared --enable-threads=posix --enable-checking=release --with-system-zlib --enable-__cxa_atexit --disable-libunwind-exceptions --enable-gnu-unique-object --enable-linker-build-id --with-linker-hash-style=gnu --enable-languages=c,c++,objc,obj-c++,java,fortran,ada,go,lto --enable-plugin --enable-initfini-array --disable-libgcj --with-isl=/builddir/build/BUILD/gcc-4.8.3-20140911/obj-x86_64-redhat-linux/isl-install --with-cloog=/builddir/build/BUILD/gcc-4.8.3-20140911/obj-x86_64-redhat-linux/cloog-install --enable-gnu-indirect-function --with-tune=generic --with-arch_32=x86-64 --build=x86_64-redhat-linux
Thread model: posix
gcc version 4.8.3 20140911 (Red Hat 4.8.3-9) (GCC) 
COMPILER_PATH=/usr/libexec/gcc/x86_64-redhat-linux/4.8.3/:/usr/libexec/gcc/x86_64-redhat-linux/4.8.3/:/usr/libexec/gcc/x86_64-redhat-linux/:/usr/lib/gcc/x86_64-redhat-linux/4.8.3/:/usr/lib/gcc/x86_64-redhat-linux/
LIBRARY_PATH=/usr/lib/gcc/x86_64-redhat-linux/4.8.3/:/usr/lib/gcc/x86_64-redhat-linux/4.8.3/../../../../lib64/:/lib/../lib64/:/usr/lib/../lib64/:/usr/lib/gcc/x86_64-redhat-linux/4.8.3/../../../:/lib/:/usr/lib/
COLLECT_GCC_OPTIONS='-v' '-o' 'cmTryCompileExec319180721' '-rdynamic' '-mtune=generic' '-march=x86-64'
 /usr/libexec/gcc/x86_64-redhat-linux/4.8.3/collect2 --build-id --no-add-needed --eh-frame-hdr --hash-style=gnu -m elf_x86_64 -export-dynamic -dynamic-linker /lib64/ld-linux-x86-64.so.2 -o cmTryCompileExec319180721 /usr/lib/gcc/x86_64-redhat-linux/4.8.3/../../../../lib64/crt1.o /usr/lib/gcc/x86_64-redhat-linux/4.8.3/../../../../lib64/crti.o /usr/lib/gcc/x86_64-redhat-linux/4.8.3/crtbegin.o -L/usr/lib/gcc/x86_64-redhat-linux/4.8.3 -L/usr/lib/gcc/x86_64-redhat-linux/4.8.3/../../../../lib64 -L/lib/../lib64 -L/usr/lib/../lib64 -L/usr/lib/gcc/x86_64-redhat-linux/4.8.3/../../.. CMakeFiles/cmTryCompileExec319180721.dir/CMakeCCompilerABI.c.o -lgcc --as-needed -lgcc_s --no-as-needed -lc -lgcc --as-needed -lgcc_s --no-as-needed /usr/lib/gcc/x86_64-redhat-linux/4.8.3/crtend.o /usr/lib/gcc/x86_64-redhat-linux/4.8.3/../../../../lib64/crtn.o
gmake[1]: Leaving directory `/root/my-project/stxxl/build/CMakeFiles/CMakeTmp'


Parsed C implicit link information from above output:
  link line regex: [^( *|.*[/\])(ld|ld|collect2)[^/\]*( |$)]
  ignore line: [Change Dir: /root/my-project/stxxl/build/CMakeFiles/CMakeTmp]
  ignore line: []
  ignore line: [Run Build Command:/bin/gmake "cmTryCompileExec319180721/fast"]
  ignore line: [/bin/gmake -f CMakeFiles/cmTryCompileExec319180721.dir/build.make CMakeFiles/cmTryCompileExec319180721.dir/build]
  ignore line: [gmake[1]: Entering directory `/root/my-project/stxxl/build/CMakeFiles/CMakeTmp']
  ignore line: [/usr/bin/cmake -E cmake_progress_report /root/my-project/stxxl/build/CMakeFiles/CMakeTmp/CMakeFiles 1]
  ignore line: [Building C object CMakeFiles/cmTryCompileExec319180721.dir/CMakeCCompilerABI.c.o]
  ignore line: [/bin/cc    -o CMakeFiles/cmTryCompileExec319180721.dir/CMakeCCompilerABI.c.o   -c /usr/share/cmake/Modules/CMakeCCompilerABI.c]
  ignore line: [Linking C executable cmTryCompileExec319180721]
  ignore line: [/usr/bin/cmake -E cmake_link_script CMakeFiles/cmTryCompileExec319180721.dir/link.txt --verbose=1]
  ignore line: [/bin/cc       -v CMakeFiles/cmTryCompileExec319180721.dir/CMakeCCompilerABI.c.o  -o cmTryCompileExec319180721 -rdynamic  ]
  ignore line: [Using built-in specs.]
  ignore line: [COLLECT_GCC=/bin/cc]
  ignore line: [COLLECT_LTO_WRAPPER=/usr/libexec/gcc/x86_64-redhat-linux/4.8.3/lto-wrapper]
  ignore line: [Target: x86_64-redhat-linux]
  ignore line: [Configured with: ../configure --prefix=/usr --mandir=/usr/share/man --infodir=/usr/share/info --with-bugurl=http://bugzilla.redhat.com/bugzilla --enable-bootstrap --enable-shared --enable-threads=posix --enable-checking=release --with-system-zlib --enable-__cxa_atexit --disable-libunwind-exceptions --enable-gnu-unique-object --enable-linker-build-id --with-linker-hash-style=gnu --enable-languages=c,c++,objc,obj-c++,java,fortran,ada,go,lto --enable-plugin --enable-initfini-array --disable-libgcj --with-isl=/builddir/build/BUILD/gcc-4.8.3-20140911/obj-x86_64-redhat-linux/isl-install --with-cloog=/builddir/build/BUILD/gcc-4.8.3-20140911/obj-x86_64-redhat-linux/cloog-install --enable-gnu-indirect-function --with-tune=generic --with-arch_32=x86-64 --build=x86_64-redhat-linux]
  ignore line: [Thread model: posix]
  ignore line: [gcc version 4.8.3 20140911 (Red Hat 4.8.3-9) (GCC) ]
  ignore line: [COMPILER_PATH=/usr/libexec/gcc/x86_64-redhat-linux/4.8.3/:/usr/libexec/gcc/x86_64-redhat-linux/4.8.3/:/usr/libexec/gcc/x86_64-redhat-linux/:/usr/lib/gcc/x86_64-redhat-linux/4.8.3/:/usr/lib/gcc/x86_64-redhat-linux/]
  ignore line: [LIBRARY_PATH=/usr/lib/gcc/x86_64-redhat-linux/4.8.3/:/usr/lib/gcc/x86_64-redhat-linux/4.8.3/../../../../lib64/:/lib/../lib64/:/usr/lib/../lib64/:/usr/lib/gcc/x86_64-redhat-linux/4.8.3/../../../:/lib/:/usr/lib/]
  ignore line: [COLLECT_GCC_OPTIONS='-v' '-o' 'cmTryCompileExec319180721' '-rdynamic' '-mtune=generic' '-march=x86-64']
  link line: [ /usr/libexec/gcc/x86_64-redhat-linux/4.8.3/collect2 --build-id --no-add-needed --eh-frame-hdr --hash-style=gnu -m elf_x86_64 -export-dynamic -dynamic-linker /lib64/ld-linux-x86-64.so.2 -o cmTryCompileExec319180721 /usr/lib/gcc/x86_64-redhat-linux/4.8.3/../../../../lib64/crt1.o /usr/lib/gcc/x86_64-redhat-linux/4.8.3/../../../../lib64/crti.o /usr/lib/gcc/x86_64-redhat-linux/4.8.3/crtbegin.o -L/usr/lib/gcc/x86_64-redhat-linux/4.8.3 -L/usr/lib/gcc/x86_64-redhat-linux/4.8.3/../../../../lib64 -L/lib/../lib64 -L/usr/lib/../lib64 -L/usr/lib/gcc/x86_64-redhat-linux/4.8.3/../../.. CMakeFiles/cmTryCompileExec319180721.dir/CMakeCCompilerABI.c.o -lgcc --as-needed -lgcc_s --no-as-needed -lc -lgcc --as-needed -lgcc_s --no-as-needed /usr/lib/gcc/x86_64-redhat-linux/4.8.3/crtend.o /usr/lib/gcc/x86_64-redhat-linux/4.8.3/../../../../lib64/crtn.o]
    arg [/usr/libexec/gcc/x86_64-redhat-linux/4.8.3/collect2] ==> ignore
    arg [--build-id] ==> ignore
    arg [--no-add-needed] ==> ignore
    arg [--eh-frame-hdr] ==> ignore
    arg [--hash-style=gnu] ==> ignore
    arg [-m] ==> ignore
    arg [elf_x86_64] ==> ignore
    arg [-export-dynamic] ==> ignore
    arg [-dynamic-linker] ==> ignore
    arg [/lib64/ld-linux-x86-64.so.2] ==> ignore
    arg [-o] ==> ignore
    arg [cmTryCompileExec319180721] ==> ignore
    arg [/usr/lib/gcc/x86_64-redhat-linux/4.8.3/../../../../lib64/crt1.o] ==> ignore
    arg [/usr/lib/gcc/x86_64-redhat-linux/4.8.3/../../../../lib64/crti.o] ==> ignore
    arg [/usr/lib/gcc/x86_64-redhat-linux/4.8.3/crtbegin.o] ==> ignore
    arg [-L/usr/lib/gcc/x86_64-redhat-linux/4.8.3] ==> dir [/usr/lib/gcc/x86_64-redhat-linux/4.8.3]
    arg [-L/usr/lib/gcc/x86_64-redhat-linux/4.8.3/../../../../lib64] ==> dir [/usr/lib/gcc/x86_64-redhat-linux/4.8.3/../../../../lib64]
    arg [-L/lib/../lib64] ==> dir [/lib/../lib64]
    arg [-L/usr/lib/../lib64] ==> dir [/usr/lib/../lib64]
    arg [-L/usr/lib/gcc/x86_64-redhat-linux/4.8.3/../../..] ==> dir [/usr/lib/gcc/x86_64-redhat-linux/4.8.3/../../..]
    arg [CMakeFiles/cmTryCompileExec319180721.dir/CMakeCCompilerABI.c.o] ==> ignore
    arg [-lgcc] ==> lib [gcc]
    arg [--as-needed] ==> ignore
    arg [-lgcc_s] ==> lib [gcc_s]
    arg [--no-as-needed] ==> ignore
    arg [-lc] ==> lib [c]
    arg [-lgcc] ==> lib [gcc]
    arg [--as-needed] ==> ignore
    arg [-lgcc_s] ==> lib [gcc_s]
    arg [--no-as-needed] ==> ignore
    arg [/usr/lib/gcc/x86_64-redhat-linux/4.8.3/crtend.o] ==> ignore
    arg [/usr/lib/gcc/x86_64-redhat-linux/4.8.3/../../../../lib64/crtn.o] ==> ignore
  remove lib [gcc]
  remove lib [gcc_s]
  remove lib [gcc]
  remove lib [gcc_s]
  collapse library dir [/usr/lib/gcc/x86_64-redhat-linux/4.8.3] ==> [/usr/lib/gcc/x86_64-redhat-linux/4.8.3]
  collapse library dir [/usr/lib/gcc/x86_64-redhat-linux/4.8.3/../../../../lib64] ==> [/usr/lib64]
  collapse library dir [/lib/../lib64] ==> [/lib64]
  collapse library dir [/usr/lib/../lib64] ==> [/usr/lib64]
  collapse library dir [/usr/lib/gcc/x86_64-redhat-linux/4.8.3/../../..] ==> [/usr/lib]
  implicit libs: [c]
  implicit dirs: [/usr/lib/gcc/x86_64-redhat-linux/4.8.3;/usr/lib64;/lib64;/usr/lib]
  implicit fwks: []


Determining if the CXX compiler works passed with the following output:
Change Dir: /root/my-project/stxxl/build/CMakeFiles/CMakeTmp

Run Build Command:/bin/gmake "cmTryCompileExec1003350243/fast"
/bin/gmake -f CMakeFiles/cmTryCompileExec1003350243.dir/build.make CMakeFiles/cmTryCompileExec1003350243.dir/build
gmake[1]: Entering directory `/root/my-project/stxxl/build/CMakeFiles/CMakeTmp'
/usr/bin/cmake -E cmake_progress_report /root/my-project/stxxl/build/CMakeFiles/CMakeTmp/CMakeFiles 1
Building CXX object CMakeFiles/cmTryCompileExec1003350243.dir/testCXXCompiler.cxx.o
/bin/c++     -o CMakeFiles/cmTryCompileExec1003350243.dir/testCXXCompiler.cxx.o -c /root/my-project/stxxl/build/CMakeFiles/CMakeTmp/testCXXCompiler.cxx
Linking CXX executable cmTryCompileExec1003350243
/usr/bin/cmake -E cmake_link_script CMakeFiles/cmTryCompileExec1003350243.dir/link.txt --verbose=1
/bin/c++          CMakeFiles/cmTryCompileExec1003350243.dir/testCXXCompiler.cxx.o  -o cmTryCompileExec1003350243 -rdynamic 
gmake[1]: Leaving directory `/root/my-project/stxxl/build/CMakeFiles/CMakeTmp'


Detecting CXX compiler ABI info compiled with the following output:
Change Dir: /root/my-project/stxxl/build/CMakeFiles/CMakeTmp

Run Build Command:/bin/gmake "cmTryCompileExec3044731501/fast"
/bin/gmake -f CMakeFiles/cmTryCompileExec3044731501.dir/build.make CMakeFiles/cmTryCompileExec3044731501.dir/build
gmake[1]: Entering directory `/root/my-project/stxxl/build/CMakeFiles/CMakeTmp'
/usr/bin/cmake -E cmake_progress_report /root/my-project/stxxl/build/CMakeFiles/CMakeTmp/CMakeFiles 1
Building CXX object CMakeFiles/cmTryCompileExec3044731501.dir/CMakeCXXCompilerABI.cpp.o
/bin/c++     -o CMakeFiles/cmTryCompileExec3044731501.dir/CMakeCXXCompilerABI.cpp.o -c /usr/share/cmake/Modules/CMakeCXXCompilerABI.cpp
Linking CXX executable cmTryCompileExec3044731501
/usr/bin/cmake -E cmake_link_script CMakeFiles/cmTryCompileExec3044731501.dir/link.txt --verbose=1
/bin/c++        -v CMakeFiles/cmTryCompileExec3044731501.dir/CMakeCXXCompilerABI.cpp.o  -o cmTryCompileExec3044731501 -rdynamic  
Using built-in specs.
COLLECT_GCC=/bin/c++
COLLECT_LTO_WRAPPER=/usr/libexec/gcc/x86_64-redhat-linux/4.8.3/lto-wrapper
Target: x86_64-redhat-linux
Configured with: ../configure --prefix=/usr --mandir=/usr/share/man --infodir=/usr/share/info --with-bugurl=http://bugzilla.redhat.com/bugzilla --enable-bootstrap --enable-shared --enable-threads=posix --enable-checking=release --with-system-zlib --enable-__cxa_atexit --disable-libunwind-exceptions --enable-gnu-unique-object --enable-linker-build-id --with-linker-hash-style=gnu --enable-languages=c,c++,objc,obj-c++,java,fortran,ada,go,lto --enable-plugin --enable-initfini-array --disable-libgcj --with-isl=/builddir/build/BUILD/gcc-4.8.3-20140911/obj-x86_64-redhat-linux/isl-install --with-cloog=/builddir/build/BUILD/gcc-4.8.3-20140911/obj-x86_64-redhat-linux/cloog-install --enable-gnu-indirect-function --with-tune=generic --with-arch_32=x86-64 --build=x86_64-redhat-linux
Thread model: posix
gcc version 4.8.3 20140911 (Red Hat 4.8.3-9) (GCC) 
COMPILER_PATH=/usr/libexec/gcc/x86_64-redhat-linux/4.8.3/:/usr/libexec/gcc/x86_64-redhat-linux/4.8.3/:/usr/libexec/gcc/x86_64-redhat-linux/:/usr/lib/gcc/x86_64-redhat-linux/4.8.3/:/usr/lib/gcc/x86_64-redhat-linux/
LIBRARY_PATH=/usr/lib/gcc/x86_64-redhat-linux/4.8.3/:/usr/lib/gcc/x86_64-redhat-linux/4.8.3/../../../../lib64/:/lib/../lib64/:/usr/lib/../lib64/:/usr/lib/gcc/x86_64-redhat-linux/4.8.3/../../../:/lib/:/usr/lib/
COLLECT_GCC_OPTIONS='-v' '-o' 'cmTryCompileExec3044731501' '-rdynamic' '-shared-libgcc' '-mtune=generic' '-march=x86-64'
 /usr/libexec/gcc/x86_64-redhat-linux/4.8.3/collect2 --build-id --no-add-needed --eh-frame-hdr --hash-style=gnu -m elf_x86_64 -export-dynamic -dynamic-linker /lib64/ld-linux-x86-64.so.2 -o cmTryCompileExec3044731501 /usr/lib/gcc/x86_64-redhat-linux/4.8.3/../../../../lib64/crt1.o /usr/lib/gcc/x86_64-redhat-linux/4.8.3/../../../../lib64/crti.o /usr/lib/gcc/x86_64-redhat-linux/4.8.3/crtbegin.o -L/usr/lib/gcc/x86_64-redhat-linux/4.8.3 -L/usr/lib/gcc/x86_64-redhat-linux/4.8.3/../../../../lib64 -L/lib/../lib64 -L/usr/lib/../lib64 -L/usr/lib/gcc/x86_64-redhat-linux/4.8.3/../../.. CMakeFiles/cmTryCompileExec3044731501.dir/CMakeCXXCompilerABI.cpp.o -lstdc++ -lm -lgcc_s -lgcc -lc -lgcc_s -lgcc /usr/lib/gcc/x86_64-redhat-linux/4.8.3/crtend.o /usr/lib/gcc/x86_64-redhat-linux/4.8.3/../../../../lib64/crtn.o
gmake[1]: Leaving directory `/root/my-project/stxxl/build/CMakeFiles/CMakeTmp'


Parsed CXX implicit link information from above output:
  link line regex: [^( *|.*[/\])(ld|ld|collect2)[^/\]*( |$)]
  ignore line: [Change Dir: /root/my-project/stxxl/build/CMakeFiles/CMakeTmp]
  ignore line: []
  ignore line: [Run Build Command:/bin/gmake "cmTryCompileExec3044731501/fast"]
  ignore line: [/bin/gmake -f CMakeFiles/cmTryCompileExec3044731501.dir/build.make CMakeFiles/cmTryCompileExec3044731501.dir/build]
  ignore line: [gmake[1]: Entering directory `/root/my-project/stxxl/build/CMakeFiles/CMakeTmp']
  ignore line: [/usr/bin/cmake -E cmake_progress_report /root/my-project/stxxl/build/CMakeFiles/CMakeTmp/CMakeFiles 1]
  ignore line: [Building CXX object CMakeFiles/cmTryCompileExec3044731501.dir/CMakeCXXCompilerABI.cpp.o]
  ignore line: [/bin/c++     -o CMakeFiles/cmTryCompileExec3044731501.dir/CMakeCXXCompilerABI.cpp.o -c /usr/share/cmake/Modules/CMakeCXXCompilerABI.cpp]
  ignore line: [Linking CXX executable cmTryCompileExec3044731501]
  ignore line: [/usr/bin/cmake -E cmake_link_script CMakeFiles/cmTryCompileExec3044731501.dir/link.txt --verbose=1]
  ignore line: [/bin/c++        -v CMakeFiles/cmTryCompileExec3044731501.dir/CMakeCXXCompilerABI.cpp.o  -o cmTryCompileExec3044731501 -rdynamic  ]
  ignore line: [Using built-in specs.]
  ignore line: [COLLECT_GCC=/bin/c++]
  ignore line: [COLLECT_LTO_WRAPPER=/usr/libexec/gcc/x86_64-redhat-linux/4.8.3/lto-wrapper]
  ignore line: [Target: x86_64-redhat-linux]
  ignore line: [Configured with: ../configure --prefix=/usr --mandir=/usr/share/man --infodir=/usr/share/info --with-bugurl=http://bugzilla.redhat.com/bugzilla --enable-bootstrap --enable-shared --enable-threads=posix --enable-checking=release --with-system-zlib --enable-__cxa_atexit --disable-libunwind-exceptions --enable-gnu-unique-object --enable-linker-build-id --with-linker-hash-style=gnu --enable-languages=c,c++,objc,obj-c++,java,fortran,ada,go,lto --enable-plugin --enable-initfini-array --disable-libgcj --with-isl=/builddir/build/BUILD/gcc-4.8.3-20140911/obj-x86_64-redhat-linux/isl-install --with-cloog=/builddir/build/BUILD/gcc-4.8.3-20140911/obj-x86_64-redhat-linux/cloog-install --enable-gnu-indirect-function --with-tune=generic --with-arch_32=x86-64 --build=x86_64-redhat-linux]
  ignore line: [Thread model: posix]
  ignore line: [gcc version 4.8.3 20140911 (Red Hat 4.8.3-9) (GCC) ]
  ignore line: [COMPILER_PATH=/usr/libexec/gcc/x86_64-redhat-linux/4.8.3/:/usr/libexec/gcc/x86_64-redhat-linux/4.8.3/:/usr/libexec/gcc/x86_64-redhat-linux/:/usr/lib/gcc/x86_64-redhat-linux/4.8.3/:/usr/lib/gcc/x86_64-redhat-linux/]
  ignore line: [LIBRARY_PATH=/usr/lib/gcc/x86_64-redhat-linux/4.8.3/:/usr/lib/gcc/x86_64-redhat-linux/4.8.3/../../../../lib64/:/lib/../lib64/:/usr/lib/../lib64/:/usr/lib/gcc/x86_64-redhat-linux/4.8.3/../../../:/lib/:/usr/lib/]
  ignore line: [COLLECT_GCC_OPTIONS='-v' '-o' 'cmTryCompileExec3044731501' '-rdynamic' '-shared-libgcc' '-mtune=generic' '-march=x86-64']
  link line: [ /usr/libexec/gcc/x86_64-redhat-linux/4.8.3/collect2 --build-id --no-add-needed --eh-frame-hdr --hash-style=gnu -m elf_x86_64 -export-dynamic -dynamic-linker /lib64/ld-linux-x86-64.so.2 -o cmTryCompileExec3044731501 /usr/lib/gcc/x86_64-redhat-linux/4.8.3/../../../../lib64/crt1.o /usr/lib/gcc/x86_64-redhat-linux/4.8.3/../../../../lib64/crti.o /usr/lib/gcc/x86_64-redhat-linux/4.8.3/crtbegin.o -L/usr/lib/gcc/x86_64-redhat-linux/4.8.3 -L/usr/lib/gcc/x86_64-redhat-linux/4.8.3/../../../../lib64 -L/lib/../lib64 -L/usr/lib/../lib64 -L/usr/lib/gcc/x86_64-redhat-linux/4.8.3/../../.. CMakeFiles/cmTryCompileExec3044731501.dir/CMakeCXXCompilerABI.cpp.o -lstdc++ -lm -lgcc_s -lgcc -lc -lgcc_s -lgcc /usr/lib/gcc/x86_64-redhat-linux/4.8.3/crtend.o /usr/lib/gcc/x86_64-redhat-linux/4.8.3/../../../../lib64/crtn.o]
    arg [/usr/libexec/gcc/x86_64-redhat-linux/4.8.3/collect2] ==> ignore
    arg [--build-id] ==> ignore
    arg [--no-add-needed] ==> ignore
    arg [--eh-frame-hdr] ==> ignore
    arg [--hash-style=gnu] ==> ignore
    arg [-m] ==> ignore
    arg [elf_x86_64] ==> ignore
    arg [-export-dynamic] ==> ignore
    arg [-dynamic-linker] ==> ignore
    arg [/lib64/ld-linux-x86-64.so.2] ==> ignore
    arg [-o] ==> ignore
    arg [cmTryCompileExec3044731501] ==> ignore
    arg [/usr/lib/gcc/x86_64-redhat-linux/4.8.3/../../../../lib64/crt1.o] ==> ignore
    arg [/usr/lib/gcc/x86_64-redhat-linux/4.8.3/../../../../lib64/crti.o] ==> ignore
    arg [/usr/lib/gcc/x86_64-redhat-linux/4.8.3/crtbegin.o] ==> ignore
    arg [-L/usr/lib/gcc/x86_64-redhat-linux/4.8.3] ==> dir [/usr/lib/gcc/x86_64-redhat-linux/4.8.3]
    arg [-L/usr/lib/gcc/x86_64-redhat-linux/4.8.3/../../../../lib64] ==> dir [/usr/lib/gcc/x86_64-redhat-linux/4.8.3/../../../../lib64]
    arg [-L/lib/../lib64] ==> dir [/lib/../lib64]
    arg [-L/usr/lib/../lib64] ==> dir [/usr/lib/../lib64]
    arg [-L/usr/lib/gcc/x86_64-redhat-linux/4.8.3/../../..] ==> dir [/usr/lib/gcc/x86_64-redhat-linux/4.8.3/../../..]
    arg [CMakeFiles/cmTryCompileExec3044731501.dir/CMakeCXXCompilerABI.cpp.o] ==> ignore
    arg [-lstdc++] ==> lib [stdc++]
    arg [-lm] ==> lib [m]
    arg [-lgcc_s] ==> lib [gcc_s]
    arg [-lgcc] ==> lib [gcc]
    arg [-lc] ==> lib [c]
    arg [-lgcc_s] ==> lib [gcc_s]
    arg [-lgcc] ==> lib [gcc]
    arg [/usr/lib/gcc/x86_64-redhat-linux/4.8.3/crtend.o] ==> ignore
    arg [/usr/lib/gcc/x86_64-redhat-linux/4.8.3/../../../../lib64/crtn.o] ==> ignore
  remove lib [gcc_s]
  remove lib [gcc]
  remove lib [gcc_s]
  remove lib [gcc]
  collapse library dir [/usr/lib/gcc/x86_64-redhat-linux/4.8.3] ==> [/usr/lib/gcc/x86_64-redhat-linux/4.8.3]
  collapse library dir [/usr/lib/gcc/x86_64-redhat-linux/4.8.3/../../../../lib64] ==> [/usr/lib64]
  collapse library dir [/lib/../lib64] ==> [/lib64]
  collapse library dir [/usr/lib/../lib64] ==> [/usr/lib64]
  collapse library dir [/usr/lib/gcc/x86_64-redhat-linux/4.8.3/../../..] ==> [/usr/lib]
  implicit libs: [stdc++;m;c]
  implicit dirs: [/usr/lib/gcc/x86_64-redhat-linux/4.8.3;/usr/lib64;/lib64;/usr/lib]
  implicit fwks: []


Performing C++ SOURCE FILE Test CXX_HAS_FLAGS_WEXTRA succeded with the following output:
Change Dir: /root/my-project/stxxl/build/CMakeFiles/CMakeTmp

Run Build Command:/bin/gmake "cmTryCompileExec1698468969/fast"
/bin/gmake -f CMakeFiles/cmTryCompileExec1698468969.dir/build.make CMakeFiles/cmTryCompileExec1698468969.dir/build
gmake[1]: Entering directory `/root/my-project/stxxl/build/CMakeFiles/CMakeTmp'
/usr/bin/cmake -E cmake_progress_report /root/my-project/stxxl/build/CMakeFiles/CMakeTmp/CMakeFiles 1
Building CXX object CMakeFiles/cmTryCompileExec1698468969.dir/src.cxx.o
/bin/c++    -W -Wall -pedantic -Wno-long-long  -DCXX_HAS_FLAGS_WEXTRA   -Wextra -o CMakeFiles/cmTryCompileExec1698468969.dir/src.cxx.o -c /root/my-project/stxxl/build/CMakeFiles/CMakeTmp/src.cxx
Linking CXX executable cmTryCompileExec1698468969
/usr/bin/cmake -E cmake_link_script CMakeFiles/cmTryCompileExec1698468969.dir/link.txt --verbose=1
/bin/c++     -W -Wall -pedantic -Wno-long-long  -DCXX_HAS_FLAGS_WEXTRA    CMakeFiles/cmTryCompileExec1698468969.dir/src.cxx.o  -o cmTryCompileExec1698468969 -rdynamic 
gmake[1]: Leaving directory `/root/my-project/stxxl/build/CMakeFiles/CMakeTmp'

Source file was:
int main() { return 0;}
Performing C++ SOURCE FILE Test CXX_HAS_TEMPLATE_DEPTH succeded with the following output:
Change Dir: /root/my-project/stxxl/build/CMakeFiles/CMakeTmp

Run Build Command:/bin/gmake "cmTryCompileExec1682265009/fast"
/bin/gmake -f CMakeFiles/cmTryCompileExec1682265009.dir/build.make CMakeFiles/cmTryCompileExec1682265009.dir/build
gmake[1]: Entering directory `/root/my-project/stxxl/build/CMakeFiles/CMakeTmp'
/usr/bin/cmake -E cmake_progress_report /root/my-project/stxxl/build/CMakeFiles/CMakeTmp/CMakeFiles 1
Building CXX object CMakeFiles/cmTryCompileExec1682265009.dir/src.cxx.o
/bin/c++    -W -Wall -pedantic -Wno-long-long -Wextra  -DCXX_HAS_TEMPLATE_DEPTH   -ftemplate-depth=1024 -o CMakeFiles/cmTryCompileExec1682265009.dir/src.cxx.o -c /root/my-project/stxxl/build/CMakeFiles/CMakeTmp/src.cxx
Linking CXX executable cmTryCompileExec1682265009
/usr/bin/cmake -E cmake_link_script CMakeFiles/cmTryCompileExec1682265009.dir/link.txt --verbose=1
/bin/c++     -W -Wall -pedantic -Wno-long-long -Wextra  -DCXX_HAS_TEMPLATE_DEPTH    CMakeFiles/cmTryCompileExec1682265009.dir/src.cxx.o  -o cmTryCompileExec1682265009 -rdynamic 
gmake[1]: Leaving directory `/root/my-project/stxxl/build/CMakeFiles/CMakeTmp'

Source file was:
int main() { return 0;}
Performing C++ SOURCE FILE Test CXX_HAS_STD_CXX11 succeded with the following output:
Change Dir: /root/my-project/stxxl/build/CMakeFiles/CMakeTmp

Run Build Command:/bin/gmake "cmTryCompileExec3518027393/fast"
/bin/gmake -f CMakeFiles/cmTryCompileExec3518027393.dir/build.make CMakeFiles/cmTryCompileExec3518027393.dir/build
gmake[1]: Entering directory `/root/my-project/stxxl/build/CMakeFiles/CMakeTmp'
/usr/bin/cmake -E cmake_progress_report /root/my-project/stxxl/build/CMakeFiles/CMakeTmp/CMakeFiles 1
Building CXX object CMakeFiles/cmTryCompileExec3518027393.dir/src.cxx.o
/bin/c++    -W -Wall -pedantic -Wno-long-long -Wextra -ftemplate-depth=1024  -DCXX_HAS_STD_CXX11   -std=c++11 -o CMakeFiles/cmTryCompileExec3518027393.dir/src.cxx.o -c /root/my-project/stxxl/build/CMakeFiles/CMakeTmp/src.cxx
Linking CXX executable cmTryCompileExec3518027393
/usr/bin/cmake -E cmake_link_script CMakeFiles/cmTryCompileExec3518027393.dir/link.txt --verbose=1
/bin/c++     -W -Wall -pedantic -Wno-long-long -Wextra -ftemplate-depth=1024  -DCXX_HAS_STD_CXX11    CMakeFiles/cmTryCompileExec3518027393.dir/src.cxx.o  -o cmTryCompileExec3518027393 -rdynamic 
gmake[1]: Leaving directory `/root/my-project/stxxl/build/CMakeFiles/CMakeTmp'

Source file was:
int main() { return 0;}
Performing C++ SOURCE FILE Test STXXL_HAVE_CXX11_RANGE_FOR_LOOP succeded with the following output:
Change Dir: /root/my-project/stxxl/build/CMakeFiles/CMakeTmp

Run Build Command:/bin/gmake "cmTryCompileExec1167238198/fast"
/bin/gmake -f CMakeFiles/cmTryCompileExec1167238198.dir/build.make CMakeFiles/cmTryCompileExec1167238198.dir/build
gmake[1]: Entering directory `/root/my-project/stxxl/build/CMakeFiles/CMakeTmp'
/usr/bin/cmake -E cmake_progress_report /root/my-project/stxxl/build/CMakeFiles/CMakeTmp/CMakeFiles 1
Building CXX object CMakeFiles/cmTryCompileExec1167238198.dir/src.cxx.o
/bin/c++    -W -Wall -pedantic -Wno-long-long -Wextra -ftemplate-depth=1024 -std=c++11  -DSTXXL_HAVE_CXX11_RANGE_FOR_LOOP   -o CMakeFiles/cmTryCompileExec1167238198.dir/src.cxx.o -c /root/my-project/stxxl/build/CMakeFiles/CMakeTmp/src.cxx
Linking CXX executable cmTryCompileExec1167238198
/usr/bin/cmake -E cmake_link_script CMakeFiles/cmTryCompileExec1167238198.dir/link.txt --verbose=1
/bin/c++     -W -Wall -pedantic -Wno-long-long -Wextra -ftemplate-depth=1024 -std=c++11  -DSTXXL_HAVE_CXX11_RANGE_FOR_LOOP    CMakeFiles/cmTryCompileExec1167238198.dir/src.cxx.o  -o cmTryCompileExec1167238198 -rdynamic 
gmake[1]: Leaving directory `/root/my-project/stxxl/build/CMakeFiles/CMakeTmp'

Source file was:
#include <vector>
  int main() { std::vector<int> v(42); for (auto i : v) { ++i; } return 0; }
Determining if the include file pthread.h exists passed with the following output:
Change Dir: /root/my-project/stxxl/build/CMakeFiles/CMakeTmp

Run Build Command:/bin/gmake "cmTryCompileExec3668764964/fast"
/bin/gmake -f CMakeFiles/cmTryCompileExec3668764964.dir/build.make CMakeFiles/cmTryCompileExec3668764964.dir/build
gmake[1]: Entering directory `/root/my-project/stxxl/build/CMakeFiles/CMakeTmp'
/usr/bin/cmake -E cmake_progress_report /root/my-project/stxxl/build/CMakeFiles/CMakeTmp/CMakeFiles 1
Building CXX object CMakeFiles/cmTryCompileExec3668764964.dir/CheckIncludeFile.cxx.o
/bin/c++    -W -Wall -pedantic -Wno-long-long -Wextra -ftemplate-depth=1024 -std=c++11     -o CMakeFiles/cmTryCompileExec3668764964.dir/CheckIncludeFile.cxx.o -c /root/my-project/stxxl/build/CMakeFiles/CMakeTmp/CheckIncludeFile.cxx
Linking CXX executable cmTryCompileExec3668764964
/usr/bin/cmake -E cmake_link_script CMakeFiles/cmTryCompileExec3668764964.dir/link.txt --verbose=1
/bin/c++     -W -Wall -pedantic -Wno-long-long -Wextra -ftemplate-depth=1024 -std=c++11      CMakeFiles/cmTryCompileExec3668764964.dir/CheckIncludeFile.cxx.o  -o cmTryCompileExec3668764964 -rdynamic 
gmake[1]: Leaving directory `/root/my-project/stxxl/build/CMakeFiles/CMakeTmp'


Determining if files pthread.h exist passed with the following output:
Change Dir: /root/my-project/stxxl/build/CMakeFiles/CMakeTmp

Run Build Command:/bin/gmake "cmTryCompileExec2369058663/fast"
/bin/gmake -f CMakeFiles/cmTryCompileExec2369058663.dir/build.make CMakeFiles/cmTryCompileExec2369058663.dir/build
gmake[1]: Entering directory `/root/my-project/stxxl/build/CMakeFiles/CMakeTmp'
/usr/bin/cmake -E cmake_progress_report /root/my-project/stxxl/build/CMakeFiles/CMakeTmp/CMakeFiles 1
Building C object CMakeFiles/cmTryCompileExec2369058663.dir/CheckIncludeFiles.c.o
/bin/cc    -o CMakeFiles/cmTryCompileExec2369058663.dir/CheckIncludeFiles.c.o   -c /root/my-project/stxxl/build/CMakeFiles/CMakeTmp/CheckIncludeFiles.c
Linking C executable cmTryCompileExec2369058663
/usr/bin/cmake -E cmake_link_script CMakeFiles/cmTryCompileExec2369058663.dir/link.txt --verbose=1
/bin/cc         CMakeFiles/cmTryCompileExec2369058663.dir/CheckIncludeFiles.c.o  -o cmTryCompileExec2369058663 -rdynamic 
gmake[1]: Leaving directory `/root/my-project/stxxl/build/CMakeFiles/CMakeTmp'


Determining if the function pthread_create exists in the pthread passed with the following output:
Change Dir: /root/my-project/stxxl/build/CMakeFiles/CMakeTmp

Run Build Command:/bin/gmake "cmTryCompileExec1862239098/fast"
/bin/gmake -f CMakeFiles/cmTryCompileExec1862239098.dir/build.make CMakeFiles/cmTryCompileExec1862239098.dir/build
gmake[1]: Entering directory `/root/my-project/stxxl/build/CMakeFiles/CMakeTmp'
/usr/bin/cmake -E cmake_progress_report /root/my-project/stxxl/build/CMakeFiles/CMakeTmp/CMakeFiles 1
Building C object CMakeFiles/cmTryCompileExec1862239098.dir/CheckFunctionExists.c.o
/bin/cc   -DCHECK_FUNCTION_EXISTS=pthread_create   -o CMakeFiles/cmTryCompileExec1862239098.dir/CheckFunctionExists.c.o   -c /usr/share/cmake/Modules/CheckFunctionExists.c
Linking C executable cmTryCompileExec1862239098
/usr/bin/cmake -E cmake_link_script CMakeFiles/cmTryCompileExec1862239098.dir/link.txt --verbose=1
/bin/cc     -DCHECK_FUNCTION_EXISTS=pthread_create    CMakeFiles/cmTryCompileExec1862239098.dir/CheckFunctionExists.c.o  -o cmTryCompileExec1862239098 -rdynamic -lpthread 
gmake[1]: Leaving directory `/root/my-project/stxxl/build/CMakeFiles/CMakeTmp'


Performing C++ SOURCE FILE Test STXXL_HAVE_O_DIRECT succeded with the following output:
Change Dir: /root/my-project/stxxl/build/CMakeFiles/CMakeTmp

Run Build Command:/bin/gmake "cmTryCompileExec3963573227/fast"
/bin/gmake -f CMakeFiles/cmTryCompileExec3963573227.dir/build.make CMakeFiles/cmTryCompileExec3963573227.dir/build
gmake[1]: Entering directory `/root/my-project/stxxl/build/CMakeFiles/CMakeTmp'
/usr/bin/cmake -E cmake_progress_report /root/my-project/stxxl/build/CMakeFiles/CMakeTmp/CMakeFiles 1
Building CXX object CMakeFiles/cmTryCompileExec3963573227.dir/src.cxx.o
/bin/c++    -W -Wall -pedantic -Wno-long-long -Wextra -ftemplate-depth=1024 -std=c++11  -DSTXXL_HAVE_O_DIRECT   -o CMakeFiles/cmTryCompileExec3963573227.dir/src.cxx.o -c /root/my-project/stxxl/build/CMakeFiles/CMakeTmp/src.cxx
Linking CXX executable cmTryCompileExec3963573227
/usr/bin/cmake -E cmake_link_script CMakeFiles/cmTryCompileExec3963573227.dir/link.txt --verbose=1
/bin/c++     -W -Wall -pedantic -Wno-long-long -Wextra -ftemplate-depth=1024 -std=c++11  -DSTXXL_HAVE_O_DIRECT    CMakeFiles/cmTryCompileExec3963573227.dir/src.cxx.o  -o cmTryCompileExec3963573227 -rdynamic 
gmake[1]: Leaving directory `/root/my-project/stxxl/build/CMakeFiles/CMakeTmp'

Source file was:

#include <unistd.h>
#include <fcntl.h>
int main() { return ((int)O_DIRECT) != 0; }

Determining if the mmap exist passed with the following output:
Change Dir: /root/my-project/stxxl/build/CMakeFiles/CMakeTmp

Run Build Command:/bin/gmake "cmTryCompileExec3548242363/fast"
/bin/gmake -f CMakeFiles/cmTryCompileExec3548242363.dir/build.make CMakeFiles/cmTryCompileExec3548242363.dir/build
gmake[1]: Entering directory `/root/my-project/stxxl/build/CMakeFiles/CMakeTmp'
/usr/bin/cmake -E cmake_progress_report /root/my-project/stxxl/build/CMakeFiles/CMakeTmp/CMakeFiles 1
Building C object CMakeFiles/cmTryCompileExec3548242363.dir/CheckSymbolExists.c.o
/bin/cc    -o CMakeFiles/cmTryCompileExec3548242363.dir/CheckSymbolExists.c.o   -c /root/my-project/stxxl/build/CMakeFiles/CMakeTmp/CheckSymbolExists.c
Linking C executable cmTryCompileExec3548242363
/usr/bin/cmake -E cmake_link_script CMakeFiles/cmTryCompileExec3548242363.dir/link.txt --verbose=1
/bin/cc         CMakeFiles/cmTryCompileExec3548242363.dir/CheckSymbolExists.c.o  -o cmTryCompileExec3548242363 -rdynamic 
gmake[1]: Leaving directory `/root/my-project/stxxl/build/CMakeFiles/CMakeTmp'

File /root/my-project/stxxl/build/CMakeFiles/CMakeTmp/CheckSymbolExists.c:
/* */
#include <sys/mman.h>

int main(int argc, char** argv)
{
  (void)argv;
#ifndef mmap
  return ((int*)(&mmap))[argc];
#else
  (void)argc;
  return 0;
#endif
}

Performing C++ SOURCE FILE Test STXXL_HAVE_LINUXAIO_FILE succeded with the following output:
Change Dir: /root/my-project/stxxl/build/CMakeFiles/CMakeTmp

Run Build Command:/bin/gmake "cmTryCompileExec3834523082/fast"
/bin/gmake -f CMakeFiles/cmTryCompileExec3834523082.dir/build.make CMakeFiles/cmTryCompileExec3834523082.dir/build
gmake[1]: Entering directory `/root/my-project/stxxl/build/CMakeFiles/CMakeTmp'
/usr/bin/cmake -E cmake_progress_report /root/my-project/stxxl/build/CMakeFiles/CMakeTmp/CMakeFiles 1
Building CXX object CMakeFiles/cmTryCompileExec3834523082.dir/src.cxx.o
/bin/c++    -W -Wall -pedantic -Wno-long-long -Wextra -ftemplate-depth=1024 -std=c++11  -DSTXXL_HAVE_LINUXAIO_FILE   -o CMakeFiles/cmTryCompileExec3834523082.dir/src.cxx.o -c /root/my-project/stxxl/build/CMakeFiles/CMakeTmp/src.cxx
Linking CXX executable cmTryCompileExec3834523082
/usr/bin/cmake -E cmake_link_script CMakeFiles/cmTryCompileExec3834523082.dir/link.txt --verbose=1
/bin/c++     -W -Wall -pedantic -Wno-long-long -Wextra -ftemplate-depth=1024 -std=c++11  -DSTXXL_HAVE_LINUXAIO_FILE    CMakeFiles/cmTryCompileExec3834523082.dir/src.cxx.o  -o cmTryCompileExec3834523082 -rdynamic 
gmake[1]: Leaving directory `/root/my-project/stxxl/build/CMakeFiles/CMakeTmp'

Source file was:
#include <unistd.h>
   #include <sys/syscall.h>
   #include <linux/aio_abi.h>
   int main() {
       aio_context_t context;
       long r = syscall(SYS_io_setup, 5, &context);
       return (r == 0) ? 0 : -1;
   }
Performing C++ SOURCE FILE Test STXXL_HAVE_SYNC_ADD_AND_FETCH succeded with the following output:
Change Dir: /root/my-project/stxxl/build/CMakeFiles/CMakeTmp

Run Build Command:/bin/gmake "cmTryCompileExec4097741265/fast"
/bin/gmake -f CMakeFiles/cmTryCompileExec4097741265.dir/build.make CMakeFiles/cmTryCompileExec4097741265.dir/build
gmake[1]: Entering directory `/root/my-project/stxxl/build/CMakeFiles/CMakeTmp'
/usr/bin/cmake -E cmake_progress_report /root/my-project/stxxl/build/CMakeFiles/CMakeTmp/CMakeFiles 1
Building CXX object CMakeFiles/cmTryCompileExec4097741265.dir/src.cxx.o
/bin/c++    -W -Wall -pedantic -Wno-long-long -Wextra -ftemplate-depth=1024 -std=c++11  -DSTXXL_HAVE_SYNC_ADD_AND_FETCH   -o CMakeFiles/cmTryCompileExec4097741265.dir/src.cxx.o -c /root/my-project/stxxl/build/CMakeFiles/CMakeTmp/src.cxx
Linking CXX executable cmTryCompileExec4097741265
/usr/bin/cmake -E cmake_link_script CMakeFiles/cmTryCompileExec4097741265.dir/link.txt --verbose=1
/bin/c++     -W -Wall -pedantic -Wno-long-long -Wextra -ftemplate-depth=1024 -std=c++11  -DSTXXL_HAVE_SYNC_ADD_AND_FETCH    CMakeFiles/cmTryCompileExec4097741265.dir/src.cxx.o  -o cmTryCompileExec4097741265 -rdynamic 
gmake[1]: Leaving directory `/root/my-project/stxxl/build/CMakeFiles/CMakeTmp'

Source file was:
int main() { int x; __sync_add_and_fetch(&x, +1); return 0; }
Performing C SOURCE FILE Test OpenMP_FLAG_DETECTED succeded with the following output:
Change Dir: /root/my-project/stxxl/build/CMakeFiles/CMakeTmp

Run Build Command:/bin/gmake "cmTryCompileExec1473839359/fast"
/bin/gmake -f CMakeFiles/cmTryCompileExec1473839359.dir/build.make CMakeFiles/cmTryCompileExec1473839359.dir/build
gmake[1]: Entering directory `/root/my-project/stxxl/build/CMakeFiles/CMakeTmp'
/usr/bin/cmake -E cmake_progress_report /root/my-project/stxxl/build/CMakeFiles/CMakeTmp/CMakeFiles 1
Building C object CMakeFiles/cmTryCompileExec1473839359.dir/src.c.o
/bin/cc   -DOpenMP_FLAG_DETECTED -fopenmp   -o CMakeFiles/cmTryCompileExec1473839359.dir/src.c.o   -c /root/my-project/stxxl/build/CMakeFiles/CMakeTmp/src.c
Linking C executable cmTryCompileExec1473839359
/usr/bin/cmake -E cmake_link_script CMakeFiles/cmTryCompileExec1473839359.dir/link.txt --verbose=1
/bin/cc     -DOpenMP_FLAG_DETECTED -fopenmp    CMakeFiles/cmTryCompileExec1473839359.dir/src.c.o  -o cmTryCompileExec1473839359 -rdynamic 
gmake[1]: Leaving directory `/root/my-project/stxxl/build/CMakeFiles/CMakeTmp'

Source file was:

#include <omp.h>
int main() {
#ifdef _OPENMP
  return 0;
#else
  breaks_on_purpose
#endif
}

Performing C++ SOURCE FILE Test OpenMP_FLAG_DETECTED succeded with the following output:
Change Dir: /root/my-project/stxxl/build/CMakeFiles/CMakeTmp

Run Build Command:/bin/gmake "cmTryCompileExec1038422739/fast"
/bin/gmake -f CMakeFiles/cmTryCompileExec1038422739.dir/build.make CMakeFiles/cmTryCompileExec1038422739.dir/build
gmake[1]: Entering directory `/root/my-project/stxxl/build/CMakeFiles/CMakeTmp'
/usr/bin/cmake -E cmake_progress_report /root/my-project/stxxl/build/CMakeFiles/CMakeTmp/CMakeFiles 1
Building CXX object CMakeFiles/cmTryCompileExec1038422739.dir/src.cxx.o
/bin/c++    -W -Wall -pedantic -Wno-long-long -Wextra -ftemplate-depth=1024 -std=c++11  -DOpenMP_FLAG_DETECTED -fopenmp   -o CMakeFiles/cmTryCompileExec1038422739.dir/src.cxx.o -c /root/my-project/stxxl/build/CMakeFiles/CMakeTmp/src.cxx
Linking CXX executable cmTryCompileExec1038422739
/usr/bin/cmake -E cmake_link_script CMakeFiles/cmTryCompileExec1038422739.dir/link.txt --verbose=1
/bin/c++     -W -Wall -pedantic -Wno-long-long -Wextra -ftemplate-depth=1024 -std=c++11  -DOpenMP_FLAG_DETECTED -fopenmp    CMakeFiles/cmTryCompileExec1038422739.dir/src.cxx.o  -o cmTryCompileExec1038422739 -rdynamic 
gmake[1]: Leaving directory `/root/my-project/stxxl/build/CMakeFiles/CMakeTmp'

Source file was:

#include <omp.h>
int main() {
#ifdef _OPENMP
  return 0;
#else
  breaks_on_purpose
#endif
}

Determining if the include file parallel/algorithm exists passed with the following output:
Change Dir: /root/my-project/stxxl/build/CMakeFiles/CMakeTmp

Run Build Command:/bin/gmake "cmTryCompileExec903319761/fast"
/bin/gmake -f CMakeFiles/cmTryCompileExec903319761.dir/build.make CMakeFiles/cmTryCompileExec903319761.dir/build
gmake[1]: Entering directory `/root/my-project/stxxl/build/CMakeFiles/CMakeTmp'
/usr/bin/cmake -E cmake_progress_report /root/my-project/stxxl/build/CMakeFiles/CMakeTmp/CMakeFiles 1
Building CXX object CMakeFiles/cmTryCompileExec903319761.dir/CheckIncludeFile.cxx.o
/bin/c++    -W -Wall -pedantic -Wno-long-long -Wextra -ftemplate-depth=1024 -std=c++11 -fopenmp     -o CMakeFiles/cmTryCompileExec903319761.dir/CheckIncludeFile.cxx.o -c /root/my-project/stxxl/build/CMakeFiles/CMakeTmp/CheckIncludeFile.cxx
Linking CXX executable cmTryCompileExec903319761
/usr/bin/cmake -E cmake_link_script CMakeFiles/cmTryCompileExec903319761.dir/link.txt --verbose=1
/bin/c++     -W -Wall -pedantic -Wno-long-long -Wextra -ftemplate-depth=1024 -std=c++11 -fopenmp      CMakeFiles/cmTryCompileExec903319761.dir/CheckIncludeFile.cxx.o  -o cmTryCompileExec903319761 -rdynamic 
gmake[1]: Leaving directory `/root/my-project/stxxl/build/CMakeFiles/CMakeTmp'


Determining if the mallinfo exist passed with the following output:
Change Dir: /root/my-project/stxxl/build/CMakeFiles/CMakeTmp

Run Build Command:/bin/gmake "cmTryCompileExec1653818746/fast"
/bin/gmake -f CMakeFiles/cmTryCompileExec1653818746.dir/build.make CMakeFiles/cmTryCompileExec1653818746.dir/build
gmake[1]: Entering directory `/root/my-project/stxxl/build/CMakeFiles/CMakeTmp'
/usr/bin/cmake -E cmake_progress_report /root/my-project/stxxl/build/CMakeFiles/CMakeTmp/CMakeFiles 1
Building C object CMakeFiles/cmTryCompileExec1653818746.dir/CheckSymbolExists.c.o
/bin/cc   -fopenmp     -o CMakeFiles/cmTryCompileExec1653818746.dir/CheckSymbolExists.c.o   -c /root/my-project/stxxl/build/CMakeFiles/CMakeTmp/CheckSymbolExists.c
Linking C executable cmTryCompileExec1653818746
/usr/bin/cmake -E cmake_link_script CMakeFiles/cmTryCompileExec1653818746.dir/link.txt --verbose=1
/bin/cc    -fopenmp      CMakeFiles/cmTryCompileExec1653818746.dir/CheckSymbolExists.c.o  -o cmTryCompileExec1653818746 -rdynamic 
gmake[1]: Leaving directory `/root/my-project/stxxl/build/CMakeFiles/CMakeTmp'

File /root/my-project/stxxl/build/CMakeFiles/CMakeTmp/CheckSymbolExists.c:
/* */
#include <malloc.h>

int main(int argc, char** argv)
{
  (void)argv;
#ifndef mallinfo
  return ((int*)(&mallinfo))[argc];
#else
  (void)argc;
  return 0;
#endif
}

Determining if the mlock exist passed with the following output:
Change Dir: /root/my-project/stxxl/build/CMakeFiles/CMakeTmp

Run Build Command:/bin/gmake "cmTryCompileExec3451072331/fast"
/bin/gmake -f CMakeFiles/cmTryCompileExec3451072331.dir/build.make CMakeFiles/cmTryCompileExec3451072331.dir/build
gmake[1]: Entering directory `/root/my-project/stxxl/build/CMakeFiles/CMakeTmp'
/usr/bin/cmake -E cmake_progress_report /root/my-project/stxxl/build/CMakeFiles/CMakeTmp/CMakeFiles 1
Building C object CMakeFiles/cmTryCompileExec3451072331.dir/CheckSymbolExists.c.o
/bin/cc   -fopenmp     -o CMakeFiles/cmTryCompileExec3451072331.dir/CheckSymbolExists.c.o   -c /root/my-project/stxxl/build/CMakeFiles/CMakeTmp/CheckSymbolExists.c
Linking C executable cmTryCompileExec3451072331
/usr/bin/cmake -E cmake_link_script CMakeFiles/cmTryCompileExec3451072331.dir/link.txt --verbose=1
/bin/cc    -fopenmp      CMakeFiles/cmTryCompileExec3451072331.dir/CheckSymbolExists.c.o  -o cmTryCompileExec3451072331 -rdynamic 
gmake[1]: Leaving directory `/root/my-project/stxxl/build/CMakeFiles/CMakeTmp'

File /root/my-project/stxxl/build/CMakeFiles/CMakeTmp/CheckSymbolExists.c:
/* */
#include <sys/mman.h>

int main(int argc, char** argv)
{
  (void)argv;
#ifndef mlock
  return ((int*)(&mlock))[argc];
#else
  (void)argc;
  return 0;
#endif
}

